This is pdfeTeX, Version 3.141592-1.30.4-2.2 (Web2C 7.5.5) (format=pdflatex 2006.10.15)  30 APR 2007 15:56
entering extended mode
\write18 enabled.
**m51_v5.tex
(./m51_v5.tex
LaTeX2e <2005/12/01>
Babel <v3.8d> and hyphenation patterns for american, french, german, ngerman, b
ahasa, basque, bulgarian, catalan, croatian, czech, danish, dutch, esperanto, e
stonian, finnish, greek, icelandic, irish, italian, latin, magyar, norsk, polis
h, portuges, romanian, russian, serbian, slovak, slovene, spanish, swedish, tur
kish, ukrainian, nohyphenation, loaded.
(./aastex.cls
Document Class: aastex 2005/06/22 5.2/AAS markup document class
Class aastex Info: Original \LaTeX2.09 style by Chris Biemesderfer (chris@seago
at.com). Adapted to \LaTeXe by A. Ogawa (ogawa@teleport.com) on input line 83.
(/usr/local/teTeX/share/texmf.local/tex/latex/base/article.cls
Document Class: article 2005/09/16 v1.4f Standard LaTeX document class
(/usr/local/teTeX/share/texmf.local/tex/latex/base/size12.clo
File: size12.clo 2005/09/16 v1.4f Standard LaTeX file (size option)
)
\c@part=\count79
\c@section=\count80
\c@subsection=\count81
\c@subsubsection=\count82
\c@paragraph=\count83
\c@subparagraph=\count84
\c@figure=\count85
\c@table=\count86
\abovecaptionskip=\skip41
\belowcaptionskip=\skip42
\bibindent=\dimen102
)
(/usr/local/teTeX/share/texmf.local/tex/latex/base/latexsym.sty
Package: latexsym 1998/08/17 v2.2e Standard LaTeX package (lasy symbols)
\symlasy=\mathgroup4
LaTeX Font Info:    Overwriting symbol font `lasy' in version `bold'
(Font)                  U/lasy/m/n --> U/lasy/b/n on input line 47.
)
(/usr/local/teTeX/share/texmf.local/tex/latex/graphics/graphicx.sty
Package: graphicx 1999/02/16 v1.0f Enhanced LaTeX Graphics (DPC,SPQR)

(/usr/local/teTeX/share/texmf.local/tex/latex/graphics/keyval.sty
Package: keyval 1999/03/16 v1.13 key=value parser (DPC)
\KV@toks@=\toks14
)
(/usr/local/teTeX/share/texmf.local/tex/latex/graphics/graphics.sty
Package: graphics 2006/02/20 v1.0o Standard LaTeX Graphics (DPC,SPQR)

(/usr/local/teTeX/share/texmf.local/tex/latex/graphics/trig.sty
Package: trig 1999/03/16 v1.09 sin cos tan (DPC)
)
(/usr/local/teTeX/share/texmf.tetex/tex/latex/graphics/graphics.cfg
File: graphics.cfg 2005/02/03 v1.3 graphics configuration of teTeX/TeXLive
)
Package graphics Info: Driver file: pdftex.def on input line 90.

(/usr/local/teTeX/share/texmf.tetex/tex/latex/graphics/pdftex.def
File: pdftex.def 2002/06/19 v0.03k graphics/color for pdftex
\Gread@gobject=\count87
))
\Gin@req@height=\dimen103
\Gin@req@width=\dimen104
)
(/usr/local/teTeX/share/texmf.tetex/tex/latex/amsfonts/amssymb.sty
Package: amssymb 2002/01/22 v2.2d

(/usr/local/teTeX/share/texmf.tetex/tex/latex/amsfonts/amsfonts.sty
Package: amsfonts 2001/10/25 v2.2f
\@emptytoks=\toks15
\symAMSa=\mathgroup5
\symAMSb=\mathgroup6
LaTeX Font Info:    Overwriting math alphabet `\mathfrak' in version `bold'
(Font)                  U/euf/m/n --> U/euf/b/n on input line 132.
))
(./natbib.sty
Package: natbib 2003/06/06 7.1 (PWD)
\bibhang=\skip43
\bibsep=\skip44
LaTeX Info: Redefining \cite on input line 518.
\c@NAT@ctr=\count88
) (/usr/local/teTeX/share/texmf.local/tex/latex/tools/verbatim.sty
Package: verbatim 2003/08/22 v1.5q LaTeX2e package for verbatim enhancements
\every@verbatim=\toks16
\verbatim@line=\toks17
\verbatim@in@stream=\read1
)
\@slugcmmntwidth=\dimen105
\abstract@box=\box26
\c@editornote=\count89
\c@cureqno=\count90
\tnotemarkskip=\skip45
\@abovenoteskip=\dimen106
\pt@box=\box27
\pt@width=\dimen107
\pt@line=\count91
\pt@column=\count92
\pt@nlines=\count93
\pt@ncol=\count94
\pt@page=\count95
\tabbaseskip=\dimen108
\pt@tmpcapwidth=\dimen109
\spew@tblnotesbox=\box28
\restof@tblnotesbox=\box29
\noteheight=\dimen110
\pt@tabnoteminht=\dimen111
\firsttabskip=\dimen112
\captionbox=\box30
\pt@reduceline=\dimen113
\extra@vspace=\dimen114
\c@plate=\count96
\my@footins=\box31
) (./m51_v5.aux)
Runaway argument?
{{Lutz et al. 1 
! File ended while scanning use of \bibcite.
<inserted text> 
                \par 
l.9 \begin{document}
                    
? 
\openout1 = `m51_v5.aux'.

LaTeX Font Info:    Checking defaults for OML/cmm/m/it on input line 9.
LaTeX Font Info:    ... okay on input line 9.
LaTeX Font Info:    Checking defaults for T1/cmr/m/n on input line 9.
LaTeX Font Info:    ... okay on input line 9.
LaTeX Font Info:    Checking defaults for OT1/cmr/m/n on input line 9.
LaTeX Font Info:    ... okay on input line 9.
LaTeX Font Info:    Checking defaults for OMS/cmsy/m/n on input line 9.
LaTeX Font Info:    ... okay on input line 9.
LaTeX Font Info:    Checking defaults for OMX/cmex/m/n on input line 9.
LaTeX Font Info:    ... okay on input line 9.
LaTeX Font Info:    Checking defaults for U/cmr/m/n on input line 9.
LaTeX Font Info:    ... okay on input line 9.
(/usr/local/teTeX/share/texmf.local/tex/context/base/supp-pdf.tex
(/usr/local/teTeX/share/texmf.local/tex/context/base/supp-mis.tex
loading : Context Support Macros / Miscellaneous (2004.10.26)
\protectiondepth=\count97
\scratchcounter=\count98
\scratchtoks=\toks18
\scratchdimen=\dimen115
\scratchskip=\skip46
\scratchmuskip=\muskip10
\scratchbox=\box32
\scratchread=\read2
\scratchwrite=\write3
\zeropoint=\dimen116
\onepoint=\dimen117
\onebasepoint=\dimen118
\minusone=\count99
\thousandpoint=\dimen119
\onerealpoint=\dimen120
\emptytoks=\toks19
\nextbox=\box33
\nextdepth=\dimen121
\everyline=\toks20
\!!counta=\count100
\!!countb=\count101
\recursecounter=\count102
)
loading : Context Support Macros / PDF (2004.03.26)
\nofMPsegments=\count103
\nofMParguments=\count104
\MPscratchCnt=\count105
\MPscratchDim=\dimen122
\MPnumerator=\count106
\everyMPtoPDFconversion=\toks21
)
AAS manuscript substyle, v5.2 <12 Dec 2003>.
LaTeX Font Info:    Try loading font information for U+lasy on input line 43.
(/usr/local/teTeX/share/texmf.local/tex/latex/base/ulasy.fd
File: ulasy.fd 1998/08/17 v2.2e LaTeX symbol font definitions
)
LaTeX Font Info:    Try loading font information for U+msa on input line 43.

(/usr/local/teTeX/share/texmf.tetex/tex/latex/amsfonts/umsa.fd
File: umsa.fd 2002/01/19 v2.2g AMS font definitions
)
LaTeX Font Info:    Try loading font information for U+msb on input line 43.

(/usr/local/teTeX/share/texmf.tetex/tex/latex/amsfonts/umsb.fd
File: umsb.fd 2002/01/19 v2.2g AMS font definitions
) [1

{/usr/local/teTeX/share/texmf.local/fonts/map/pdftex/updmap/pdftex.map}] [2

]

Package natbib Warning: Citation `vog88' on page 3 undefined on input line 53.


Package natbib Warning: Citation `you91' on page 3 undefined on input line 53.


Package natbib Warning: Citation `she05' on page 3 undefined on input line 53.


Package natbib Warning: Citation `she00' on page 3 undefined on input line 53.


Package natbib Warning: Citation `she02' on page 3 undefined on input line 53.


Package natbib Warning: Citation `kl91' on page 3 undefined on input line 53.


Package natbib Warning: Citation `tul88' on page 3 undefined on input line 55.


Package natbib Warning: Citation `sco98' on page 3 undefined on input line 55.


Package natbib Warning: Citation `vog88' on page 3 undefined on input line 55.


Package natbib Warning: Citation `pal85' on page 3 undefined on input line 55.


Package natbib Warning: Citation `ter01' on page 3 undefined on input line 55.


Package natbib Warning: Citation `sco01' on page 3 undefined on input line 55.


Package natbib Warning: Citation `mat04' on page 3 undefined on input line 55.


Package natbib Warning: Citation `rig02' on page 3 undefined on input line 57.


Package natbib Warning: Citation `neu98' on page 3 undefined on input line 57.


Package natbib Warning: Citation `neu06' on page 3 undefined on input line 57.

[3

]
LaTeX Font Info:    Try loading font information for OMS+cmr on input line 59.
 (/usr/local/teTeX/share/texmf.local/tex/latex/base/omscmr.fd
File: omscmr.fd 1999/05/25 v2.5h Standard LaTeX font definitions
)
LaTeX Font Info:    Font shape `OMS/cmr/m/n' in size <12> not available
(Font)              Font shape `OMS/cmsy/m/n' tried instead on input line 59.


Package natbib Warning: Citation `ken03' on page 4 undefined on input line 67.


Package natbib Warning: Citation `smi04' on page 4 undefined on input line 67.

[4]

Package natbib Warning: Citation `smi07' on page 5 undefined on input line 69.


Package natbib Warning: Citation `reg01' on page 5 undefined on input line 73.

[5]

Package natbib Warning: Citation `wil01' on page 6 undefined on input line 77.

[6] [7]

Package natbib Warning: Citation `neu06' on page 8 undefined on input line 98.


Package natbib Warning: Citation `rig02' on page 8 undefined on input line 98.

[8]

Package natbib Warning: Citation `rou07' on page 9 undefined on input line 112.


[9] [10]

Package natbib Warning: Citation `rig02' on page 11 undefined on input line 137
.


Package natbib Warning: Citation `rou07' on page 11 undefined on input line 137
.


Package natbib Warning: Citation `rou07' on page 11 undefined on input line 137
.

[11]

Package natbib Warning: Citation `sco01' on page 12 undefined on input line 149
.


Package natbib Warning: Citation `ss99' on page 12 undefined on input line 149.


[12]

Package natbib Warning: Citation `shaw05' on page 13 undefined on input line 15
5.

[13] [14] [15]

Package natbib Warning: Citation `ss99' on page 16 undefined on input line 179.



Package natbib Warning: Citation `lutz98' on page 16 undefined on input line 17
9.


Package natbib Warning: Citation `smi04' on page 16 undefined on input line 179
.

[16]

Package natbib Warning: Citation `ter98' on page 17 undefined on input line 190
.


Package natbib Warning: Citation `wil01' on page 17 undefined on input line 190
.


Package natbib Warning: Citation `wil01' on page 17 undefined on input line 190
.

[17]
Underfull \hbox (badness 10000) in paragraph at lines 206--226
 
 []


Underfull \hbox (badness 10000) in paragraph at lines 206--226
 
 []


Underfull \hbox (badness 10000) in paragraph at lines 206--226
 
 []


Underfull \hbox (badness 10000) in paragraph at lines 206--226
 
 []


Underfull \hbox (badness 10000) in paragraph at lines 206--226
 
 []


Underfull \hbox (badness 10000) in paragraph at lines 206--226
 
 []


Underfull \hbox (badness 10000) in paragraph at lines 206--226
 
 []


Underfull \hbox (badness 10000) in paragraph at lines 206--226
 
 []

[18] [19] [20]
Underfull \hbox (badness 10000) in paragraph at lines 229--232
 
 []

[21] [22

] [23] [24]
<bw_h2s0_contours_labels.jpg, id=110, 567.5604pt x 420.6114pt>
File: bw_h2s0_contours_labels.jpg Graphic file (type jpg)

<use bw_h2s0_contours_labels.jpg>
<bw_h2s1_contours_labels.jpg, id=111, 555.5154pt x 420.6114pt>
File: bw_h2s1_contours_labels.jpg Graphic file (type jpg)

<use bw_h2s1_contours_labels.jpg>
<bw_h2s2_contours.jpg, id=112, 555.5154pt x 420.6114pt>
File: bw_h2s2_contours.jpg Graphic file (type jpg)

<use bw_h2s2_contours.jpg>
<bw_h2s3_contours.jpg, id=113, 555.5154pt x 420.6114pt>
File: bw_h2s3_contours.jpg Graphic file (type jpg)

<use bw_h2s3_contours.jpg>
<bw_h2s4_contours.jpg, id=114, 567.5604pt x 420.6114pt>
File: bw_h2s4_contours.jpg Graphic file (type jpg)

<use bw_h2s4_contours.jpg>
<bw_h2s5_contours.jpg, id=115, 555.5154pt x 420.6114pt>
File: bw_h2s5_contours.jpg Graphic file (type jpg)

<use bw_h2s5_contours.jpg> [25

 <./bw_h2s0_contours_labels.jpg> <./bw_h2s1_contours_labels.jpg> <./bw_h2s2_con
tours.jpg> <./bw_h2s3_contours.jpg> <./bw_h2s4_contours.jpg> <./bw_h2s5_contour
s.jpg>] [26]
<region1.jpg, id=123, 471.2004pt x 332.9238pt>
File: region1.jpg Graphic file (type jpg)
 <use region1.jpg>
<region3.jpg, id=124, 471.2004pt x 332.9238pt>
File: region3.jpg Graphic file (type jpg)
 <use region3.jpg>
<region2.jpg, id=125, 471.2004pt x 332.9238pt>
File: region2.jpg Graphic file (type jpg)
 <use region2.jpg> [27


 <./region1.jpg> <./region3.jpg> <./region2.jpg>]
<bw_warm_h2_mass.jpg, id=129, 520.344pt x 429.2838pt>
File: bw_warm_h2_mass.jpg Graphic file (type jpg)

<use bw_warm_h2_mass.jpg>
<new_bw_hot_h2_mass.jpg, id=130, 536.7252pt x 438.9198pt>
File: new_bw_hot_h2_mass.jpg Graphic file (type jpg)

<use new_bw_hot_h2_mass.jpg> [28

 <./bw_warm_h2_mass.jpg> <./new_bw_hot_h2_mass.jpg>] <bw_warm_h2.jpg, id=134, 5
02.9992pt x 429.2838pt>
File: bw_warm_h2.jpg Graphic file (type jpg)
 <use bw_warm_h2.jpg>
[29

 <./bw_warm_h2.jpg>] <new_bw_hot_h2.jpg, id=138, 545.3976pt x 438.9198pt>
File: new_bw_hot_h2.jpg Graphic file (type jpg)

<use new_bw_hot_h2.jpg> [30

 <./new_bw_hot_h2.jpg>]
<new_bw_warm_v_hot.jpg, id=142, 525.6438pt x 437.9562pt>
File: new_bw_warm_v_hot.jpg Graphic file (type jpg)

<use new_bw_warm_v_hot.jpg> [31

 <./new_bw_warm_v_hot.jpg>]
<bw_co_v_warm.jpg, id=147, 520.344pt x 429.2838pt>
File: bw_co_v_warm.jpg Graphic file (type jpg)
 <use bw_co_v_warm.jpg>
<new_bw_co_v_hot.jpg, id=148, 529.0164pt x 435.5472pt>
File: new_bw_co_v_hot.jpg Graphic file (type jpg)

<use new_bw_co_v_hot.jpg> [32

 <./bw_co_v_warm.jpg> <./new_bw_co_v_hot.jpg>]
<bw_co_h2s0.jpg, id=152, 520.344pt x 429.2838pt>
File: bw_co_h2s0.jpg Graphic file (type jpg)
 <use bw_co_h2s0.jpg>
<bw_co_h2s1.jpg, id=153, 520.344pt x 429.2838pt>
File: bw_co_h2s1.jpg Graphic file (type jpg)
 <use bw_co_h2s1.jpg>
<bw_co_h2s2.jpg, id=154, 520.344pt x 429.2838pt>
File: bw_co_h2s2.jpg Graphic file (type jpg)
 <use bw_co_h2s2.jpg>
<bw_co_h2s3.jpg, id=155, 520.344pt x 429.2838pt>
File: bw_co_h2s3.jpg Graphic file (type jpg)
 <use bw_co_h2s3.jpg> [33

 <./bw_co_h2s0.jpg> <./bw_co_h2s1.jpg> <./bw_co_h2s2.jpg> <./bw_co_h2s3.jpg>]
<bw_cold_h2_ha.jpg, id=159, 478.9092pt x 547.3248pt>
File: bw_cold_h2_ha.jpg Graphic file (type jpg)
 <use bw_cold_h2_ha.jpg>
<new_bw_ha_v_hot.jpg, id=160, 477.9456pt x 547.3248pt>
File: new_bw_ha_v_hot.jpg Graphic file (type jpg)

<use new_bw_ha_v_hot.jpg> [34

 <./bw_cold_h2_ha.jpg> <./new_bw_ha_v_hot.jpg>]
<bw_h2s0_ha.jpg, id=164, 481.8pt x 552.1428pt>
File: bw_h2s0_ha.jpg Graphic file (type jpg)
 <use bw_h2s0_ha.jpg>
<bw_h2s1_ha.jpg, id=165, 481.8pt x 548.2884pt>
File: bw_h2s1_ha.jpg Graphic file (type jpg)
 <use bw_h2s1_ha.jpg>
<bw_h2s2_ha.jpg, id=166, 476.982pt x 549.252pt>
File: bw_h2s2_ha.jpg Graphic file (type jpg)
 <use bw_h2s2_ha.jpg>
<bw_h2s3_ha.jpg, id=167, 476.982pt x 546.3612pt>
File: bw_h2s3_ha.jpg Graphic file (type jpg)
 <use bw_h2s3_ha.jpg> [35

 <./bw_h2s0_ha.jpg> <./bw_h2s1_ha.jpg> <./bw_h2s2_ha.jpg> <./bw_h2s3_ha.jpg>]
<oiv_v_warm_paper.jpg, id=171, 555.9972pt x 420.6114pt>
File: oiv_v_warm_paper.jpg Graphic file (type jpg)

<use oiv_v_warm_paper.jpg>
<oiv_v_hot_paper.jpg, id=172, 555.9972pt x 420.6114pt>
File: oiv_v_hot_paper.jpg Graphic file (type jpg)

<use oiv_v_hot_paper.jpg> [36

 <./oiv_v_warm_paper.jpg> <./oiv_v_hot_paper.jpg>] <x_v_cold.jpg, id=176, 531.4
254pt x 424.9476pt>
File: x_v_cold.jpg Graphic file (type jpg)
 <use x_v_cold.jpg>
<x_v_warm.jpg, id=177, 531.4254pt x 424.9476pt>
File: x_v_warm.jpg Graphic file (type jpg)
 <use x_v_warm.jpg> [37 <./x_v_cold.jpg> <./x_v_warm.jpg>] <bw_x_v_h2s2.jpg, id
=182, 527.571pt x 424.9476pt>
File: bw_x_v_h2s2.jpg Graphic file (type jpg)

<use bw_x_v_h2s2.jpg> <bw_x_v_h2s3.jpg, id=183, 527.571pt x 424.9476pt>
File: bw_x_v_h2s3.jpg Graphic file (type jpg)

<use bw_x_v_h2s3.jpg> <bw_x_v_h2s4.jpg, id=184, 527.571pt x 424.9476pt>
File: bw_x_v_h2s4.jpg Graphic file (type jpg)

<use bw_x_v_h2s4.jpg> <bw_x_v_h2s5.jpg, id=185, 527.571pt x 424.9476pt>
File: bw_x_v_h2s5.jpg Graphic file (type jpg)

<use bw_x_v_h2s5.jpg> [38


 <./bw_x_v_h2s2.jpg> <./bw_x_v_h2s3.jpg> <./bw_x_v_h2s4.jpg> <./bw_x_v_h2s5.jpg
>]
! Extra }, or forgotten $.
\@preamble ...ignorespaces \@sharp \unskip \hfil }
                                                  \hskip \tabcolsep 
l.548 \startdata
                
? 
! Missing $ inserted.
<inserted text> 
                $
l.548 \startdata
                
? 
! Missing } inserted.
<inserted text> 
                }
l.548 \startdata
                
? 
Table 2 has been set to width 441.75575pt

Package natbib Warning: There were undefined citations.

[39] (./m51_v5.aux

Package natbib Warning: Citation(s) may have changed.
(natbib)                Rerun to get citations correct.

)

LaTeX Warning: Label(s) may have changed. Rerun to get cross-references right.

 ) 
Here is how much of TeX's memory you used:
 2317 strings out of 94412
 28426 string characters out of 1172318
 2071506 words of memory out of 4523070
 5502 multiletter control sequences out of 10000+50000
 15410 words of font info for 65 fonts, out of 2000000 for 2000
 582 hyphenation exceptions out of 5000
 32i,10n,26p,2306b,285s stack positions out of 5000i,500n,6000p,200000b,40000s
PDF statistics:
 197 PDF objects out of 300000
 0 named destinations out of 131072
 171 words of extra memory for PDF output out of 10000
</usr/local/teTeX/share/texmf.tetex/fonts/type1/bluesky/cm/cmr6.pfb></usr/loc
al/teTeX/share/texmf.tetex/fonts/type1/bluesky/cm/cmsy6.pfb></usr/local/teTeX/s
hare/texmf.tetex/fonts/type1/bluesky/cm/cmti12.pfb></usr/local/teTeX/share/texm
f.tetex/fonts/type1/bluesky/cm/cmti10.pfb></usr/local/teTeX/share/texmf.tetex/f
onts/type1/bluesky/cm/cmsy8.pfb></usr/local/teTeX/share/texmf.tetex/fonts/type1
/bluesky/cm/cmmi12.pfb></usr/local/teTeX/share/texmf.tetex/fonts/type1/bluesky/
cm/cmsy10.pfb></usr/local/teTeX/share/texmf.tetex/fonts/type1/bluesky/cm/cmtt12
.pfb></usr/local/teTeX/share/texmf.tetex/fonts/type1/bluesky/cm/cmmi8.pfb></usr
/local/teTeX/share/texmf.tetex/fonts/type1/bluesky/cm/cmr8.pfb></usr/local/teTe
X/share/texmf.tetex/fonts/type1/bluesky/cm/cmr10.pfb></usr/local/teTeX/share/te
xmf.tetex/fonts/type1/bluesky/cm/cmr12.pfb></usr/local/teTeX/share/texmf.tetex/
fonts/type1/bluesky/cm/cmbx12.pfb>
Output written on m51_v5.pdf (39 pages, 8793547 bytes).
