This is pdfeTeX, Version 3.141592-1.30.4-2.2 (Web2C 7.5.5) (format=pdflatex 2006.10.15)  5 MAR 2007 16:50
entering extended mode
\write18 enabled.
**ngc5194_h2_v2.tex
(./ngc5194_h2_v2.tex
LaTeX2e <2005/12/01>
Babel <v3.8d> and hyphenation patterns for american, french, german, ngerman, b
ahasa, basque, bulgarian, catalan, croatian, czech, danish, dutch, esperanto, e
stonian, finnish, greek, icelandic, irish, italian, latin, magyar, norsk, polis
h, portuges, romanian, russian, serbian, slovak, slovene, spanish, swedish, tur
kish, ukrainian, nohyphenation, loaded.
(./aastex.cls
Document Class: aastex 2005/06/22 5.2/AAS markup document class
Class aastex Info: Original \LaTeX2.09 style by Chris Biemesderfer (chris@seago
at.com). Adapted to \LaTeXe by A. Ogawa (ogawa@teleport.com) on input line 83.
(/usr/local/teTeX/share/texmf.local/tex/latex/base/article.cls
Document Class: article 2005/09/16 v1.4f Standard LaTeX document class
(/usr/local/teTeX/share/texmf.local/tex/latex/base/size12.clo
File: size12.clo 2005/09/16 v1.4f Standard LaTeX file (size option)
)
\c@part=\count79
\c@section=\count80
\c@subsection=\count81
\c@subsubsection=\count82
\c@paragraph=\count83
\c@subparagraph=\count84
\c@figure=\count85
\c@table=\count86
\abovecaptionskip=\skip41
\belowcaptionskip=\skip42
\bibindent=\dimen102
)
(/usr/local/teTeX/share/texmf.local/tex/latex/base/latexsym.sty
Package: latexsym 1998/08/17 v2.2e Standard LaTeX package (lasy symbols)
\symlasy=\mathgroup4
LaTeX Font Info:    Overwriting symbol font `lasy' in version `bold'
(Font)                  U/lasy/m/n --> U/lasy/b/n on input line 47.
)
(/usr/local/teTeX/share/texmf.local/tex/latex/graphics/graphicx.sty
Package: graphicx 1999/02/16 v1.0f Enhanced LaTeX Graphics (DPC,SPQR)

(/usr/local/teTeX/share/texmf.local/tex/latex/graphics/keyval.sty
Package: keyval 1999/03/16 v1.13 key=value parser (DPC)
\KV@toks@=\toks14
)
(/usr/local/teTeX/share/texmf.local/tex/latex/graphics/graphics.sty
Package: graphics 2006/02/20 v1.0o Standard LaTeX Graphics (DPC,SPQR)

(/usr/local/teTeX/share/texmf.local/tex/latex/graphics/trig.sty
Package: trig 1999/03/16 v1.09 sin cos tan (DPC)
)
(/usr/local/teTeX/share/texmf.tetex/tex/latex/graphics/graphics.cfg
File: graphics.cfg 2005/02/03 v1.3 graphics configuration of teTeX/TeXLive
)
Package graphics Info: Driver file: pdftex.def on input line 90.

(/usr/local/teTeX/share/texmf.tetex/tex/latex/graphics/pdftex.def
File: pdftex.def 2002/06/19 v0.03k graphics/color for pdftex
\Gread@gobject=\count87
))
\Gin@req@height=\dimen103
\Gin@req@width=\dimen104
)
(/usr/local/teTeX/share/texmf.tetex/tex/latex/amsfonts/amssymb.sty
Package: amssymb 2002/01/22 v2.2d

(/usr/local/teTeX/share/texmf.tetex/tex/latex/amsfonts/amsfonts.sty
Package: amsfonts 2001/10/25 v2.2f
\@emptytoks=\toks15
\symAMSa=\mathgroup5
\symAMSb=\mathgroup6
LaTeX Font Info:    Overwriting math alphabet `\mathfrak' in version `bold'
(Font)                  U/euf/m/n --> U/euf/b/n on input line 132.
))
(./natbib.sty
Package: natbib 2003/06/06 7.1 (PWD)
\bibhang=\skip43
\bibsep=\skip44
LaTeX Info: Redefining \cite on input line 518.
\c@NAT@ctr=\count88
) (/usr/local/teTeX/share/texmf.local/tex/latex/tools/verbatim.sty
Package: verbatim 2003/08/22 v1.5q LaTeX2e package for verbatim enhancements
\every@verbatim=\toks16
\verbatim@line=\toks17
\verbatim@in@stream=\read1
)
\@slugcmmntwidth=\dimen105
\abstract@box=\box26
\c@editornote=\count89
\c@cureqno=\count90
\tnotemarkskip=\skip45
\@abovenoteskip=\dimen106
\pt@box=\box27
\pt@width=\dimen107
\pt@line=\count91
\pt@column=\count92
\pt@nlines=\count93
\pt@ncol=\count94
\pt@page=\count95
\tabbaseskip=\dimen108
\pt@tmpcapwidth=\dimen109
\spew@tblnotesbox=\box28
\restof@tblnotesbox=\box29
\noteheight=\dimen110
\pt@tabnoteminht=\dimen111
\firsttabskip=\dimen112
\captionbox=\box30
\pt@reduceline=\dimen113
\extra@vspace=\dimen114
\c@plate=\count96
\my@footins=\box31
) (./ngc5194_h2_v2.aux

Package natbib Warning: Citation `you91' multiply defined.

)
\openout1 = `ngc5194_h2_v2.aux'.

LaTeX Font Info:    Checking defaults for OML/cmm/m/it on input line 9.
LaTeX Font Info:    ... okay on input line 9.
LaTeX Font Info:    Checking defaults for T1/cmr/m/n on input line 9.
LaTeX Font Info:    ... okay on input line 9.
LaTeX Font Info:    Checking defaults for OT1/cmr/m/n on input line 9.
LaTeX Font Info:    ... okay on input line 9.
LaTeX Font Info:    Checking defaults for OMS/cmsy/m/n on input line 9.
LaTeX Font Info:    ... okay on input line 9.
LaTeX Font Info:    Checking defaults for OMX/cmex/m/n on input line 9.
LaTeX Font Info:    ... okay on input line 9.
LaTeX Font Info:    Checking defaults for U/cmr/m/n on input line 9.
LaTeX Font Info:    ... okay on input line 9.
 (/usr/local/teTeX/share/texmf.local/tex/context/base/supp-pdf.tex
(/usr/local/teTeX/share/texmf.local/tex/context/base/supp-mis.tex
loading : Context Support Macros / Miscellaneous (2004.10.26)
\protectiondepth=\count97
\scratchcounter=\count98
\scratchtoks=\toks18
\scratchdimen=\dimen115
\scratchskip=\skip46
\scratchmuskip=\muskip10
\scratchbox=\box32
\scratchread=\read2
\scratchwrite=\write3
\zeropoint=\dimen116
\onepoint=\dimen117
\onebasepoint=\dimen118
\minusone=\count99
\thousandpoint=\dimen119
\onerealpoint=\dimen120
\emptytoks=\toks19
\nextbox=\box33
\nextdepth=\dimen121
\everyline=\toks20
\!!counta=\count100
\!!countb=\count101
\recursecounter=\count102
)
loading : Context Support Macros / PDF (2004.03.26)
\nofMPsegments=\count103
\nofMParguments=\count104
\MPscratchCnt=\count105
\MPscratchDim=\dimen122
\MPnumerator=\count106
\everyMPtoPDFconversion=\toks21
)
AAS manuscript substyle, v5.2 <12 Dec 2003>.
LaTeX Font Info:    Try loading font information for U+lasy on input line 38.
(/usr/local/teTeX/share/texmf.local/tex/latex/base/ulasy.fd
File: ulasy.fd 1998/08/17 v2.2e LaTeX symbol font definitions
)
LaTeX Font Info:    Try loading font information for U+msa on input line 38.

(/usr/local/teTeX/share/texmf.tetex/tex/latex/amsfonts/umsa.fd
File: umsa.fd 2002/01/19 v2.2g AMS font definitions
)
LaTeX Font Info:    Try loading font information for U+msb on input line 38.

(/usr/local/teTeX/share/texmf.tetex/tex/latex/amsfonts/umsb.fd
File: umsb.fd 2002/01/19 v2.2g AMS font definitions
) [1

{/usr/local/teTeX/share/texmf.local/fonts/map/pdftex/updmap/pdftex.map}] [2

] [3

]
LaTeX Font Info:    Try loading font information for OMS+cmr on input line 54.

(/usr/local/teTeX/share/texmf.local/tex/latex/base/omscmr.fd
File: omscmr.fd 1999/05/25 v2.5h Standard LaTeX font definitions
)
LaTeX Font Info:    Font shape `OMS/cmr/m/n' in size <12> not available
(Font)              Font shape `OMS/cmsy/m/n' tried instead on input line 54.
 [4] [5] [6]
[7] [8] [9]
Missing character: There is no Ò in font cmr12!
Missing character: There is no Ó in font cmr12!
Missing character: There is no Ò in font cmr12!
Missing character: There is no Ó in font cmr12!
 [10] [11] [12] [13] [14] [15] [16] [17] [18]
Underfull \hbox (badness 10000) in paragraph at lines 195--207
 
 []


Underfull \hbox (badness 10000) in paragraph at lines 195--207
 
 []


Underfull \hbox (badness 10000) in paragraph at lines 195--207
 
 []


Underfull \hbox (badness 10000) in paragraph at lines 195--207
 
 []


Underfull \hbox (badness 10000) in paragraph at lines 195--207
 
 []


Underfull \hbox (badness 10000) in paragraph at lines 195--207
 
 []


Underfull \hbox (badness 10000) in paragraph at lines 195--207
 
 []

[19] [20]
Underfull \hbox (badness 10000) in paragraph at lines 210--213
 
 []

[21]
! Undefined control sequence.
l.225 \bibitme
              [Helfer and Blitz 1997]{hel97} Helfer, T.T. and Blitz, L., 1997,
? 
[22

]
! Extra }, or forgotten \endgroup.
l.233 \bibitem[Kenny and Lord 1991](kl91}
                                          Kenny, J.D.P. and Lord, S.D., 1991...

? 
[23] [24] <bw_h2s0_contours.jpg, id=110, 567.5604pt x 420.6114pt>
File: bw_h2s0_contours.jpg Graphic file (type jpg)

<use bw_h2s0_contours.jpg>
<bw_h2s1_contours.jpg, id=111, 555.5154pt x 420.6114pt>
File: bw_h2s1_contours.jpg Graphic file (type jpg)

<use bw_h2s1_contours.jpg>
<bw_h2s2_contours.jpg, id=112, 555.5154pt x 420.6114pt>
File: bw_h2s2_contours.jpg Graphic file (type jpg)

<use bw_h2s2_contours.jpg>
<bw_h2s3_contours.jpg, id=113, 555.5154pt x 420.6114pt>
File: bw_h2s3_contours.jpg Graphic file (type jpg)

<use bw_h2s3_contours.jpg>
<bw_h2s4_contours.jpg, id=114, 567.5604pt x 420.6114pt>
File: bw_h2s4_contours.jpg Graphic file (type jpg)

<use bw_h2s4_contours.jpg>
<bw_h2s5_contours.jpg, id=115, 555.5154pt x 420.6114pt>
File: bw_h2s5_contours.jpg Graphic file (type jpg)

<use bw_h2s5_contours.jpg> [25

 <./bw_h2s0_contours.jpg> <./bw_h2s1_contours.jpg> <./bw_h2s2_contours.jpg> <./
bw_h2s3_contours.jpg> <./bw_h2s4_contours.jpg> <./bw_h2s5_contours.jpg>] [26] <
region1.jpg, id=123, 468.7914pt x 331.4784pt>
File: region1.jpg Graphic file (type jpg)

<use region1.jpg> <region3.jpg, id=124, 468.7914pt x 331.4784pt>
File: region3.jpg Graphic file (type jpg)

<use region3.jpg> <region2.jpg, id=125, 468.7914pt x 331.4784pt>
File: region2.jpg Graphic file (type jpg)

<use region2.jpg>
! Argument of \@caption has an extra }.
<inserted text> 
                \par 
l.329 \label{fig2}}
                   
? 
Runaway argument?
\@captype {\@objectname }\def \reserved@b {\@objectname [{[}]}\futurelet \ETC.
! Paragraph ended before \@caption was complete.
<to be read again> 
                   \par 
l.329 \label{fig2}}
                   
? 
[27


 <./region1.jpg> <./region3.jpg> <./region2.jpg>]
<bw_cold_h2.jpg, id=129, 528.0528pt x 429.2838pt>
File: bw_cold_h2.jpg Graphic file (type jpg)
 <use bw_cold_h2.jpg>
! Missing $ inserted.
<inserted text> 
                $
l.338 ... relative to the LL strip.  \label{fig3}}
                                                  
? 

! LaTeX Error: \mathrm allowed only in math mode.

See the LaTeX manual or LaTeX Companion for explanation.
Type  H <return>  for immediate help.
 ...                                              
                                                  
l.338 ... relative to the LL strip.  \label{fig3}}
                                                  
? 
! Missing $ inserted.
<inserted text> 
                $
l.338 ... relative to the LL strip.  \label{fig3}}
                                                  
? 
! Extra }, or forgotten $.
<argument> ...ithin a 5.5 x 10^{4} $\mathrm {pc^2}
                                                  $ area. The grey-scale rep...
l.338 ... relative to the LL strip.  \label{fig3}}
                                                  
? 
! Missing } inserted.
<inserted text> 
                }
l.338 ... relative to the LL strip.  \label{fig3}}
                                                  
? 
[28

 <./bw_cold_h2.jpg>] <bw_warm_h2.jpg, id=133, 535.7616pt x 424.9476pt>
File: bw_warm_h2.jpg Graphic file (type jpg)

<use bw_warm_h2.jpg>
! Missing $ inserted.
<inserted text> 
                $
l.345 ...$\mathrm{H_2}$ distribution.\label{fig4}}
                                                  
? 

! LaTeX Error: \mathrm allowed only in math mode.

See the LaTeX manual or LaTeX Companion for explanation.
Type  H <return>  for immediate help.
 ...                                              
                                                  
l.345 ...$\mathrm{H_2}$ distribution.\label{fig4}}
                                                  
? 
! Missing $ inserted.
<inserted text> 
                $
l.345 ...$\mathrm{H_2}$ distribution.\label{fig4}}
                                                  
? 
! Extra }, or forgotten $.
<argument> ...ithin a 5.5 x 10^{4} $\mathrm {pc^2}
                                                  $ area. The grey-scale rep...
l.345 ...$\mathrm{H_2}$ distribution.\label{fig4}}
                                                  
? 
! Missing } inserted.
<inserted text> 
                }
l.345 ...$\mathrm{H_2}$ distribution.\label{fig4}}
                                                  
? 
[29

 <./bw_warm_h2.jpg>]
<bw_h2_mass_compare.jpg, id=137, 524.6802pt x 421.575pt>
File: bw_h2_mass_compare.jpg Graphic file (type jpg)

<use bw_h2_mass_compare.jpg> [30

 <./bw_h2_mass_compare.jpg>]
<bw_co_h2s0.jpg, id=141, 520.344pt x 429.2838pt>
File: bw_co_h2s0.jpg Graphic file (type jpg)
 <use bw_co_h2s0.jpg>
<bw_co_h2s1.jpg, id=142, 520.344pt x 429.2838pt>
File: bw_co_h2s1.jpg Graphic file (type jpg)
 <use bw_co_h2s1.jpg>
<bw_co_h2s2.jpg, id=143, 520.344pt x 429.2838pt>
File: bw_co_h2s2.jpg Graphic file (type jpg)
 <use bw_co_h2s2.jpg>
<bw_co_h2s3.jpg, id=144, 520.344pt x 429.2838pt>
File: bw_co_h2s3.jpg Graphic file (type jpg)
 <use bw_co_h2s3.jpg> [31

 <./bw_co_h2s0.jpg> <./bw_co_h2s1.jpg> <./bw_co_h2s2.jpg> <./bw_co_h2s3.jpg>]
<co_v_warm_h2.jpg, id=149, 428.802pt x 542.025pt>
File: co_v_warm_h2.jpg Graphic file (type jpg)
 <use co_v_warm_h2.jpg>
[32

 <./co_v_warm_h2.jpg>] <co_v_hot_h2.jpg, id=153, 428.3202pt x 542.025pt>
File: co_v_hot_h2.jpg Graphic file (type jpg)

<use co_v_hot_h2.jpg> <oiv_v_warm_paper.jpg, id=154, 555.9972pt x 420.6114pt>
File: oiv_v_warm_paper.jpg Graphic file (type jpg)

<use oiv_v_warm_paper.jpg>
<oiv_v_hot_paper.jpg, id=155, 555.9972pt x 420.6114pt>
File: oiv_v_hot_paper.jpg Graphic file (type jpg)

<use oiv_v_hot_paper.jpg>

LaTeX Warning: `!h' float specifier changed to `!ht'.

[33

 <./co_v_hot_h2.jpg>] [34 <./oiv_v_warm_paper.jpg> <./oiv_v_hot_paper.jpg>]
<bw_x_v_cold_h2.jpg, id=162, 527.571pt x 424.9476pt>
File: bw_x_v_cold_h2.jpg Graphic file (type jpg)
 <use bw_x_v_cold_h2.jpg>
<bw_x_v_warm_h2.jpg, id=163, 527.571pt x 427.8384pt>
File: bw_x_v_warm_h2.jpg Graphic file (type jpg)
 <use bw_x_v_warm_h2.jpg>
[35 <./bw_x_v_cold_h2.jpg> <./bw_x_v_warm_h2.jpg>]
<bw_x_v_h2s2.jpg, id=167, 527.571pt x 424.9476pt>
File: bw_x_v_h2s2.jpg Graphic file (type jpg)
 <use bw_x_v_h2s2.jpg>
<bw_x_v_h2s3.jpg, id=168, 527.571pt x 424.9476pt>
File: bw_x_v_h2s3.jpg Graphic file (type jpg)
 <use bw_x_v_h2s3.jpg>
<bw_x_v_h2s4.jpg, id=169, 527.571pt x 424.9476pt>
File: bw_x_v_h2s4.jpg Graphic file (type jpg)
 <use bw_x_v_h2s4.jpg>
<bw_x_v_h2s5.jpg, id=170, 527.571pt x 424.9476pt>
File: bw_x_v_h2s5.jpg Graphic file (type jpg)
 <use bw_x_v_h2s5.jpg>
[36


 <./bw_x_v_h2s2.jpg> <./bw_x_v_h2s3.jpg> <./bw_x_v_h2s4.jpg> <./bw_x_v_h2s5.jpg
>]
! Extra }, or forgotten $.
\@preamble ...ignorespaces \@sharp \unskip \hfil }
                                                  \hskip \tabcolsep 
l.437 \startdata
                
? 
! Missing $ inserted.
<inserted text> 
                $
l.437 \startdata
                
? 
! Missing } inserted.
<inserted text> 
                }
l.437 \startdata
                
? 
Table 2 has been set to width 439.63072pt
[37]
! Missing $ inserted.
<inserted text> 
                $
l.460 \startdata
                
? 
! Extra }, or forgotten $.
\@preamble ...ignorespaces \@sharp \unskip \hfil }
                                                  \hskip \tabcolsep 
l.460 \startdata
                
? 
! Missing $ inserted.
<inserted text> 
                $
l.460 \startdata
                
? 
! Missing } inserted.
<inserted text> 
                }
l.460 \startdata
                
? 
Table 3 has been set to width 251.79399pt

Overfull \hbox (607.06755pt too wide) in paragraph at lines 460--469
 [][][] 
 []


Package natbib Warning: There were multiply defined citations.

[38] (./ngc5194_h2_v2.aux

Package natbib Warning: Citation(s) may have changed.
(natbib)                Rerun to get citations correct.

) ) 
Here is how much of TeX's memory you used:
 2277 strings out of 94412
 27635 string characters out of 1172318
 2072643 words of memory out of 4524207
 5470 multiletter control sequences out of 10000+50000
 15410 words of font info for 65 fonts, out of 2000000 for 2000
 582 hyphenation exceptions out of 5000
 32i,10n,26p,2228b,286s stack positions out of 5000i,500n,6000p,200000b,40000s
PDF statistics:
 186 PDF objects out of 300000
 0 named destinations out of 131072
 131 words of extra memory for PDF output out of 10000
</usr/local/teTeX/share/texmf.tetex/fonts/type1/bluesky/cm/cmr6.pfb></usr/lo
cal/teTeX/share/texmf.tetex/fonts/type1/bluesky/cm/cmsy6.pfb></usr/local/teTeX/
share/texmf.tetex/fonts/type1/bluesky/cm/cmti12.pfb></usr/local/teTeX/share/tex
mf.tetex/fonts/type1/bluesky/cm/cmsy8.pfb></usr/local/teTeX/share/texmf.tetex/f
onts/type1/bluesky/cm/cmsy10.pfb></usr/local/teTeX/share/texmf.tetex/fonts/type
1/bluesky/cm/cmti10.pfb></usr/local/teTeX/share/texmf.tetex/fonts/type1/bluesky
/cm/cmmi12.pfb></usr/local/teTeX/share/texmf.tetex/fonts/type1/bluesky/cm/cmtt1
2.pfb></usr/local/teTeX/share/texmf.tetex/fonts/type1/bluesky/cm/cmmi8.pfb></us
r/local/teTeX/share/texmf.tetex/fonts/type1/bluesky/cm/cmr8.pfb></usr/local/teT
eX/share/texmf.tetex/fonts/type1/bluesky/cm/cmr10.pfb></usr/local/teTeX/share/t
exmf.tetex/fonts/type1/bluesky/cm/cmr12.pfb></usr/local/teTeX/share/texmf.tetex
/fonts/type1/bluesky/cm/cmbx12.pfb>
Output written on ngc5194_h2_v2.pdf (38 pages, 5966522 bytes).
