This is pdfeTeX, Version 3.141592-1.30.4-2.2 (Web2C 7.5.5) (format=latex 2006.10.15)  5 SEP 2007 10:42
entering extended mode
**ms_revised.tex
(./ms_revised.tex
LaTeX2e <2005/12/01>
Babel <v3.8d> and hyphenation patterns for american, french, german, ngerman, b
ahasa, basque, bulgarian, catalan, croatian, czech, danish, dutch, esperanto, e
stonian, finnish, greek, icelandic, irish, italian, latin, magyar, norsk, polis
h, portuges, romanian, russian, serbian, slovak, slovene, spanish, swedish, tur
kish, ukrainian, nohyphenation, loaded.
(./aastex.cls
Document Class: aastex 2005/06/22 5.2/AAS markup document class
Class aastex Info: Original \LaTeX2.09 style by Chris Biemesderfer (chris@seago
at.com). Adapted to \LaTeXe by A. Ogawa (ogawa@teleport.com) on input line 83.
(/usr/local/teTeX/share/texmf.local/tex/latex/base/article.cls
Document Class: article 2005/09/16 v1.4f Standard LaTeX document class
(/usr/local/teTeX/share/texmf.local/tex/latex/base/size12.clo
File: size12.clo 2005/09/16 v1.4f Standard LaTeX file (size option)
)
\c@part=\count79
\c@section=\count80
\c@subsection=\count81
\c@subsubsection=\count82
\c@paragraph=\count83
\c@subparagraph=\count84
\c@figure=\count85
\c@table=\count86
\abovecaptionskip=\skip41
\belowcaptionskip=\skip42
\bibindent=\dimen102
)
(/usr/local/teTeX/share/texmf.local/tex/latex/base/latexsym.sty
Package: latexsym 1998/08/17 v2.2e Standard LaTeX package (lasy symbols)
\symlasy=\mathgroup4
LaTeX Font Info:    Overwriting symbol font `lasy' in version `bold'
(Font)                  U/lasy/m/n --> U/lasy/b/n on input line 47.
)
(/usr/local/teTeX/share/texmf.local/tex/latex/graphics/graphicx.sty
Package: graphicx 1999/02/16 v1.0f Enhanced LaTeX Graphics (DPC,SPQR)

(/usr/local/teTeX/share/texmf.local/tex/latex/graphics/keyval.sty
Package: keyval 1999/03/16 v1.13 key=value parser (DPC)
\KV@toks@=\toks14
)
(/usr/local/teTeX/share/texmf.local/tex/latex/graphics/graphics.sty
Package: graphics 2006/02/20 v1.0o Standard LaTeX Graphics (DPC,SPQR)

(/usr/local/teTeX/share/texmf.local/tex/latex/graphics/trig.sty
Package: trig 1999/03/16 v1.09 sin cos tan (DPC)
)
(/usr/local/teTeX/share/texmf.tetex/tex/latex/graphics/graphics.cfg
File: graphics.cfg 2005/02/03 v1.3 graphics configuration of teTeX/TeXLive
)
Package graphics Info: Driver file: dvips.def on input line 90.

(/usr/local/teTeX/share/texmf.local/tex/latex/graphics/dvips.def
File: dvips.def 1999/02/16 v3.0i Driver-dependant file (DPC,SPQR)
))
\Gin@req@height=\dimen103
\Gin@req@width=\dimen104
)
(/usr/local/teTeX/share/texmf.tetex/tex/latex/amsfonts/amssymb.sty
Package: amssymb 2002/01/22 v2.2d

(/usr/local/teTeX/share/texmf.tetex/tex/latex/amsfonts/amsfonts.sty
Package: amsfonts 2001/10/25 v2.2f
\@emptytoks=\toks15
\symAMSa=\mathgroup5
\symAMSb=\mathgroup6
LaTeX Font Info:    Overwriting math alphabet `\mathfrak' in version `bold'
(Font)                  U/euf/m/n --> U/euf/b/n on input line 132.
))
(/usr/local/teTeX/share/texmf.tetex/tex/latex/natbib/natbib.sty
Package: natbib 2003/06/06 7.1 (PWD)
\bibhang=\skip43
\bibsep=\skip44
LaTeX Info: Redefining \cite on input line 518.
\c@NAT@ctr=\count87
)
(/usr/local/teTeX/share/texmf.local/tex/latex/tools/verbatim.sty
Package: verbatim 2003/08/22 v1.5q LaTeX2e package for verbatim enhancements
\every@verbatim=\toks16
\verbatim@line=\toks17
\verbatim@in@stream=\read1
)
\@slugcmmntwidth=\dimen105
\abstract@box=\box26
\c@editornote=\count88
\c@cureqno=\count89
\tnotemarkskip=\skip45
\@abovenoteskip=\dimen106
\pt@box=\box27
\pt@width=\dimen107
\pt@line=\count90
\pt@column=\count91
\pt@nlines=\count92
\pt@ncol=\count93
\pt@page=\count94
\tabbaseskip=\dimen108
\pt@tmpcapwidth=\dimen109
\spew@tblnotesbox=\box28
\restof@tblnotesbox=\box29
\noteheight=\dimen110
\pt@tabnoteminht=\dimen111
\firsttabskip=\dimen112
\captionbox=\box30
\pt@reduceline=\dimen113
\extra@vspace=\dimen114
\c@plate=\count95
\my@footins=\box31
)
(./ms_revised.aux)
\openout1 = `ms_revised.aux'.

LaTeX Font Info:    Checking defaults for OML/cmm/m/it on input line 7.
LaTeX Font Info:    ... okay on input line 7.
LaTeX Font Info:    Checking defaults for T1/cmr/m/n on input line 7.
LaTeX Font Info:    ... okay on input line 7.
LaTeX Font Info:    Checking defaults for OT1/cmr/m/n on input line 7.
LaTeX Font Info:    ... okay on input line 7.
LaTeX Font Info:    Checking defaults for OMS/cmsy/m/n on input line 7.
LaTeX Font Info:    ... okay on input line 7.
LaTeX Font Info:    Checking defaults for OMX/cmex/m/n on input line 7.
LaTeX Font Info:    ... okay on input line 7.
LaTeX Font Info:    Checking defaults for U/cmr/m/n on input line 7.
LaTeX Font Info:    ... okay on input line 7.

AAS preprint substyle, v5.2 <12 Dec 2003>.
LaTeX Font Info:    Try loading font information for U+lasy on input line 52.
(/usr/local/teTeX/share/texmf.local/tex/latex/base/ulasy.fd
File: ulasy.fd 1998/08/17 v2.2e LaTeX symbol font definitions
)
LaTeX Font Info:    Try loading font information for U+msa on input line 52.

(/usr/local/teTeX/share/texmf.tetex/tex/latex/amsfonts/umsa.fd
File: umsa.fd 2002/01/19 v2.2g AMS font definitions
)
LaTeX Font Info:    Try loading font information for U+msb on input line 52.

(/usr/local/teTeX/share/texmf.tetex/tex/latex/amsfonts/umsb.fd
File: umsb.fd 2002/01/19 v2.2g AMS font definitions
) [1

]
Overfull \hbox (32.47868pt too wide) in paragraph at lines 89--104
\OT1/cmr/m/n/12 ([]), by in-creased pres-sure or gas den-sity in galac-tic nu-c
lei ([];
 []

[2]
Overfull \hbox (72.33661pt too wide) in paragraph at lines 105--119
\OT1/cmr/m/n/12 lime-ter wave-lengths ([]; []; []; [];
 []

[3]
Overfull \hbox (42.50877pt too wide) in paragraph at lines 156--170
\OT1/cmr/m/n/12 cubes for each mod-ule us-ing CU-BISM ([]; []; []).
 []

[4] [5] [6] [7] [8]
Overfull \hbox (66.70566pt too wide) in paragraph at lines 436--446
\OT1/cmr/m/n/12 phys-i-cal con-di-tions of the molec-u-lar gas ([]; []; []).
 []

[9] [10]
Overfull \hbox (113.2729pt too wide) in paragraph at lines 562--562
[][]\OT1/cmr/m/n/10 SINGS data cubes and spec-tra for M51 can be found at http:
//irsa.ipac.caltech.edu/data/SPITZER/SINGS/galaxies/ngc5194.html| 
 []


Overfull \hbox (16.3335pt too wide) in paragraph at lines 553--589
[]\OT1/cmr/m/n/12 The [O IV](25.89 []) line can be ex-cited in fast shocks (v$[
]$ $\OML/cmm/m/it/12 >$ \OT1/cmr/m/n/12 100 km s$[]$) ([]),
 []


Overfull \hbox (61.37155pt too wide) in paragraph at lines 553--589
\OT1/cmr/m/n/12 by pho-toion-iza-tion in Wolf-Rayet stars ([]), or by an AGN ([
]).
 []

[11]
Overfull \hbox (28.49261pt too wide) in paragraph at lines 590--616
\OT1/cmr/m/n/12 clear cloud (XNC, to the south of the nu-cleus), and the north-
ern loop ([];
 []


Underfull \hbox (badness 10000) in paragraph at lines 619--684

 []


Underfull \hbox (badness 10000) in paragraph at lines 619--684

 []


Underfull \hbox (badness 10000) in paragraph at lines 619--684

 []


Underfull \hbox (badness 10000) in paragraph at lines 619--684

 []


Underfull \hbox (badness 10000) in paragraph at lines 619--684

 []


Underfull \hbox (badness 10000) in paragraph at lines 619--684

 []


Underfull \hbox (badness 10000) in paragraph at lines 619--684

 []


Underfull \hbox (badness 10000) in paragraph at lines 619--684

 []

[12]
Underfull \hbox (badness 10000) in paragraph at lines 687--699

 []

[13] [14] [15] [16]
Plotone included the file f1.eps
File: f1.eps Graphic file (type eps)
<f1.eps> [17]
Plottwo included the files f2a.eps f2b.eps
File: f2a.eps Graphic file (type eps)
<f2a.eps>
File: f2b.eps Graphic file (type eps)
 <f2b.eps>
Plottwo included the files f2c.eps f2d.eps
File: f2c.eps Graphic file (type eps)
<f2c.eps>
File: f2d.eps Graphic file (type eps)
 <f2d.eps>
Plottwo included the files f2e.eps f2f.eps
File: f2e.eps Graphic file (type eps)
<f2e.eps>
File: f2f.eps Graphic file (type eps)
 <f2f.eps> [18]
Plottwo included the files f3a.eps f3b.eps
File: f3a.eps Graphic file (type eps)
<f3a.eps>
File: f3b.eps Graphic file (type eps)
 <f3b.eps>
Plottwo included the files f3c.eps f3d.eps
File: f3c.eps Graphic file (type eps)
<f3c.eps>
File: f3d.eps Graphic file (type eps)
 <f3d.eps>
Plottwo included the files f3e.eps f3f.eps
File: f3e.eps Graphic file (type eps)
<f3e.eps>
File: f3f.eps Graphic file (type eps)
 <f3f.eps> [19] [20]
Plottwo included the files f4a.eps f4b.eps
File: f4a.eps Graphic file (type eps)
<f4a.eps>
File: f4b.eps Graphic file (type eps)
 <f4b.eps>
Plotone included the file f4c.eps
File: f4c.eps Graphic file (type eps)
<f4c.eps> [21]
Plottwo included the files f5a.eps f5b.eps
File: f5a.eps Graphic file (type eps)
<f5a.eps>
File: f5b.eps Graphic file (type eps)
 <f5b.eps> [22]
Plotone included the file f6.eps
File: f6.eps Graphic file (type eps)
<f6.eps> [23]
Plotone included the file f7.eps
File: f7.eps Graphic file (type eps)
<f7.eps> [24]
Plotone included the file f8.eps
File: f8.eps Graphic file (type eps)
<f8.eps> [25]
Plottwo included the files f9a.eps f9b.eps
File: f9a.eps Graphic file (type eps)
<f9a.eps>
File: f9b.eps Graphic file (type eps)
 <f9b.eps> [26]
Plottwo included the files f10a.eps f10b.eps
File: f10a.eps Graphic file (type eps)
<f10a.eps>
File: f10b.eps Graphic file (type eps)
 <f10b.eps>
Plottwo included the files f10c.eps f10d.eps
File: f10c.eps Graphic file (type eps)
<f10c.eps>
File: f10d.eps Graphic file (type eps)
 <f10d.eps> [27]
Plottwo included the files f11a.eps f11b.eps
File: f11a.eps Graphic file (type eps)
<f11a.eps>
File: f11b.eps Graphic file (type eps)
 <f11b.eps> [28]
Plottwo included the files f12a.eps f12b.eps
File: f12a.eps Graphic file (type eps)
<f12a.eps>
File: f12b.eps Graphic file (type eps)
 <f12b.eps> [29]
Plottwo included the files f13a.eps f13b.eps
File: f13a.eps Graphic file (type eps)
<f13a.eps>
File: f13b.eps Graphic file (type eps)
 <f13b.eps>
Plottwo included the files f13c.eps f13d.eps
File: f13c.eps Graphic file (type eps)
<f13c.eps>
File: f13d.eps Graphic file (type eps)
 <f13d.eps> [30]
Plottwo included the files f14a.eps f14b.eps
File: f14a.eps Graphic file (type eps)
<f14a.eps>
File: f14b.eps Graphic file (type eps)
 <f14b.eps>
Plottwo included the files f14c.eps f14d.eps
File: f14c.eps Graphic file (type eps)
<f14c.eps>
File: f14d.eps Graphic file (type eps)
 <f14d.eps> [31]
Plottwo included the files f15a.eps f15b.eps
File: f15a.eps Graphic file (type eps)
<f15a.eps>
File: f15b.eps Graphic file (type eps)
 <f15b.eps> [32]
Plottwo included the files f16a.eps f16b.eps
File: f16a.eps Graphic file (type eps)
<f16a.eps>
File: f16b.eps Graphic file (type eps)
 <f16b.eps> [33]
Plottwo included the files f17a.eps f17b.eps
File: f17a.eps Graphic file (type eps)
<f17a.eps>
File: f17b.eps Graphic file (type eps)
 <f17b.eps>
Plottwo included the files f17c.eps f17d.eps
File: f17c.eps Graphic file (type eps)
<f17c.eps>
File: f17d.eps Graphic file (type eps)
 <f17d.eps> [34]
Page 1 of table 0 has been set to width 441.75575pt with 38 lines per page 
[35] (./ms_revised.aux) ) 
Here is how much of TeX's memory you used:
 1847 strings out of 94413
 20730 string characters out of 1172341
 2068052 words of memory out of 4519616
 5030 multiletter control sequences out of 10000+50000
 13410 words of font info for 57 fonts, out of 2000000 for 2000
 582 hyphenation exceptions out of 5000
 32i,10n,26p,2212b,308s stack positions out of 5000i,500n,6000p,200000b,40000s

Output written on ms_revised.dvi (35 pages, 73896 bytes).
