This is pdfeTeX, Version 3.141592-1.30.4-2.2 (Web2C 7.5.5) (format=pdflatex 2006.10.15)  3 APR 2007 23:04
entering extended mode
\write18 enabled.
**aasguide.tex
(./aasguide.tex
LaTeX2e <2005/12/01>
Babel <v3.8d> and hyphenation patterns for american, french, german, ngerman, b
ahasa, basque, bulgarian, catalan, croatian, czech, danish, dutch, esperanto, e
stonian, finnish, greek, icelandic, irish, italian, latin, magyar, norsk, polis
h, portuges, romanian, russian, serbian, slovak, slovene, spanish, swedish, tur
kish, ukrainian, nohyphenation, loaded.
File: aasguide.tex 2005/06/22 5.2/AAS markup document class
(./aastex.cls
Document Class: aastex 2005/06/22 5.2/AAS markup document class
Class aastex Info: Original \LaTeX2.09 style by Chris Biemesderfer (chris@seago
at.com). Adapted to \LaTeXe by A. Ogawa (ogawa@teleport.com) on input line 83.
(/usr/local/teTeX/share/texmf.local/tex/latex/base/article.cls
Document Class: article 2005/09/16 v1.4f Standard LaTeX document class
(/usr/local/teTeX/share/texmf.local/tex/latex/base/size10.clo
File: size10.clo 2005/09/16 v1.4f Standard LaTeX file (size option)
)
\c@part=\count79
\c@section=\count80
\c@subsection=\count81
\c@subsubsection=\count82
\c@paragraph=\count83
\c@subparagraph=\count84
\c@figure=\count85
\c@table=\count86
\abovecaptionskip=\skip41
\belowcaptionskip=\skip42
\bibindent=\dimen102
)
(/usr/local/teTeX/share/texmf.local/tex/latex/base/latexsym.sty
Package: latexsym 1998/08/17 v2.2e Standard LaTeX package (lasy symbols)
\symlasy=\mathgroup4
LaTeX Font Info:    Overwriting symbol font `lasy' in version `bold'
(Font)                  U/lasy/m/n --> U/lasy/b/n on input line 47.
)
(/usr/local/teTeX/share/texmf.local/tex/latex/graphics/graphicx.sty
Package: graphicx 1999/02/16 v1.0f Enhanced LaTeX Graphics (DPC,SPQR)

(/usr/local/teTeX/share/texmf.local/tex/latex/graphics/keyval.sty
Package: keyval 1999/03/16 v1.13 key=value parser (DPC)
\KV@toks@=\toks14
)
(/usr/local/teTeX/share/texmf.local/tex/latex/graphics/graphics.sty
Package: graphics 2006/02/20 v1.0o Standard LaTeX Graphics (DPC,SPQR)

(/usr/local/teTeX/share/texmf.local/tex/latex/graphics/trig.sty
Package: trig 1999/03/16 v1.09 sin cos tan (DPC)
)
(/usr/local/teTeX/share/texmf.tetex/tex/latex/graphics/graphics.cfg
File: graphics.cfg 2005/02/03 v1.3 graphics configuration of teTeX/TeXLive
)
Package graphics Info: Driver file: pdftex.def on input line 90.

(/usr/local/teTeX/share/texmf.tetex/tex/latex/graphics/pdftex.def
File: pdftex.def 2002/06/19 v0.03k graphics/color for pdftex
\Gread@gobject=\count87
))
\Gin@req@height=\dimen103
\Gin@req@width=\dimen104
)
(/usr/local/teTeX/share/texmf.tetex/tex/latex/amsfonts/amssymb.sty
Package: amssymb 2002/01/22 v2.2d

(/usr/local/teTeX/share/texmf.tetex/tex/latex/amsfonts/amsfonts.sty
Package: amsfonts 2001/10/25 v2.2f
\@emptytoks=\toks15
\symAMSa=\mathgroup5
\symAMSb=\mathgroup6
LaTeX Font Info:    Overwriting math alphabet `\mathfrak' in version `bold'
(Font)                  U/euf/m/n --> U/euf/b/n on input line 132.
))
(./natbib.sty
Package: natbib 2003/06/06 7.1 (PWD)
\bibhang=\skip43
\bibsep=\skip44
LaTeX Info: Redefining \cite on input line 518.
\c@NAT@ctr=\count88
) (/usr/local/teTeX/share/texmf.local/tex/latex/tools/verbatim.sty
Package: verbatim 2003/08/22 v1.5q LaTeX2e package for verbatim enhancements
\every@verbatim=\toks16
\verbatim@line=\toks17
\verbatim@in@stream=\read1
)
\@slugcmmntwidth=\dimen105
\abstract@box=\box26
\c@editornote=\count89
\c@cureqno=\count90
\tnotemarkskip=\skip45
\@abovenoteskip=\dimen106
\pt@box=\box27
\pt@width=\dimen107
\pt@line=\count91
\pt@column=\count92
\pt@nlines=\count93
\pt@ncol=\count94
\pt@page=\count95
\tabbaseskip=\dimen108
\pt@tmpcapwidth=\dimen109
\spew@tblnotesbox=\box28
\restof@tblnotesbox=\box29
\noteheight=\dimen110
\pt@tabnoteminht=\dimen111
\firsttabskip=\dimen112
\captionbox=\box30
\pt@reduceline=\dimen113
\extra@vspace=\dimen114
\c@plate=\count96
\my@footins=\box31
)
\@indexfile=\write3
\openout3 = `aasguide.idx'.


Writing index file aasguide.idx
(/usr/local/teTeX/share/texmf.local/tex/latex/base/shortvrb.sty
Package: shortvrb 2006/02/02 v2.1d Standard LaTeX documentation package (FMi)
)
Package shortvrb Info: Made | a short reference for \verb on input line 110.

No file aasguide.aux.
\openout1 = `aasguide.aux'.

LaTeX Font Info:    Checking defaults for OML/cmm/m/it on input line 169.
LaTeX Font Info:    ... okay on input line 169.
LaTeX Font Info:    Checking defaults for T1/cmr/m/n on input line 169.
LaTeX Font Info:    ... okay on input line 169.
LaTeX Font Info:    Checking defaults for OT1/cmr/m/n on input line 169.
LaTeX Font Info:    ... okay on input line 169.
LaTeX Font Info:    Checking defaults for OMS/cmsy/m/n on input line 169.
LaTeX Font Info:    ... okay on input line 169.
LaTeX Font Info:    Checking defaults for OMX/cmex/m/n on input line 169.
LaTeX Font Info:    ... okay on input line 169.
LaTeX Font Info:    Checking defaults for U/cmr/m/n on input line 169.
LaTeX Font Info:    ... okay on input line 169.
(/usr/local/teTeX/share/texmf.local/tex/context/base/supp-pdf.tex
(/usr/local/teTeX/share/texmf.local/tex/context/base/supp-mis.tex
loading : Context Support Macros / Miscellaneous (2004.10.26)
\protectiondepth=\count97
\scratchcounter=\count98
\scratchtoks=\toks18
\scratchdimen=\dimen115
\scratchskip=\skip46
\scratchmuskip=\muskip10
\scratchbox=\box32
\scratchread=\read2
\scratchwrite=\write4
\zeropoint=\dimen116
\onepoint=\dimen117
\onebasepoint=\dimen118
\minusone=\count99
\thousandpoint=\dimen119
\onerealpoint=\dimen120
\emptytoks=\toks19
\nextbox=\box33
\nextdepth=\dimen121
\everyline=\toks20
\!!counta=\count100
\!!countb=\count101
\recursecounter=\count102
)
loading : Context Support Macros / PDF (2004.03.26)
\nofMPsegments=\count103
\nofMParguments=\count104
\MPscratchCnt=\count105
\MPscratchDim=\dimen122
\MPnumerator=\count106
\everyMPtoPDFconversion=\toks21
)
AAS 2-column preprint substyle, v5.2 <12 Dec 2003>.
LaTeX Font Info:    Try loading font information for U+lasy on input line 171.
(/usr/local/teTeX/share/texmf.local/tex/latex/base/ulasy.fd
File: ulasy.fd 1998/08/17 v2.2e LaTeX symbol font definitions
)
LaTeX Font Info:    Font shape `U/lasy/b/n' in size <7> not available
(Font)              Font shape `U/lasy/m/n' tried instead on input line 171.
LaTeX Font Info:    Try loading font information for U+msa on input line 171.

(/usr/local/teTeX/share/texmf.tetex/tex/latex/amsfonts/umsa.fd
File: umsa.fd 2002/01/19 v2.2g AMS font definitions
)
LaTeX Font Info:    Try loading font information for U+msb on input line 171.

(/usr/local/teTeX/share/texmf.tetex/tex/latex/amsfonts/umsb.fd
File: umsb.fd 2002/01/19 v2.2g AMS font definitions
)
No file aasguide.toc.
\tf@toc=\write5
\openout5 = `aasguide.toc'.


Underfull \hbox (badness 2221) in paragraph at lines 199--210
\OT1/cmr/m/n/10 the pack-age and to con-sult the in-for-ma-tion
 []


Overfull \hbox (4.6627pt too wide) in paragraph at lines 199--210
\OT1/cmr/m/n/10 http://www.journals.uchicago.edu/AAS/AASTeX.
 []

LaTeX Font Info:    Try loading font information for OMS+cmr on input line 232.

(/usr/local/teTeX/share/texmf.local/tex/latex/base/omscmr.fd
File: omscmr.fd 1999/05/25 v2.5h Standard LaTeX font definitions
)
LaTeX Font Info:    Font shape `OMS/cmr/m/n' in size <10> not available
(Font)              Font shape `OMS/cmsy/m/n' tried instead on input line 232.


LaTeX Warning: Reference `styles' on page 1 undefined on input line 232.


Underfull \hbox (badness 1231) in paragraph at lines 260--267
[]\OT1/cmtt/m/n/10 \lower\OT1/cmr/m/n/10 , []\OT1/cmtt/m/n/10 \rlap\OT1/cmr/m/n
/10 , []\OT1/cmtt/m/n/10 \kern\OT1/cmr/m/n/10 , []\OT1/cmtt/m/n/10 \lineskip\OT
1/cmr/m/n/10 ,
 []


Overfull \hbox (19.63307pt too wide) in paragraph at lines 260--267
[]\OT1/cmtt/m/n/10 \char\OT1/cmr/m/n/10 , []\OT1/cmtt/m/n/10 \mathchar\OT1/cmr/
m/n/10 , []\OT1/cmtt/m/n/10 \mathcode\OT1/cmr/m/n/10 , []\OT1/cmtt/m/n/10 \buil
dref\OT1/cmr/m/n/10 ,
 []

[1{/usr/local/teTeX/share/texmf.local/fonts/map/pdftex/updmap/pdftex.map}


]
Overfull \hbox (6.27612pt too wide) in paragraph at lines 310--316
[][] 
 []


Underfull \hbox (badness 1052) in paragraph at lines 382--391
\OT1/cmr/m/n/10 mand should be fol-lowed by a cor-re-spond-ing
 []

[2]
Overfull \hbox (2.10995pt too wide) in paragraph at lines 448--452
[] \OT1/cmr/m/n/10 in his or her []\OT1/cmtt/m/n/10 \altaffilmark \OT1/cmr/m/n/
10 matches
 []


Overfull \hbox (35.1239pt too wide) in paragraph at lines 448--452
\OT1/cmr/m/n/10 the [] for the cor-re-spond-ing []\OT1/cmtt/m/n/10 \altaffiltex
t\OT1/cmr/m/n/10 . 
 []


Underfull \hbox (badness 1320) in paragraph at lines 453--461
\OT1/cmr/m/n/10 com-mand with af-fil-i-a-tions spec-i-fied us-ing the
 []


Overfull \hbox (0.53748pt too wide) in paragraph at lines 478--478
[]\OT1/cmtt/m/n/9 \documentclass[preprint2,longabstract]{aastex}[] 
 []

[3]
Underfull \hbox (badness 1946) in paragraph at lines 548--552
[]\OT1/cmr/m/n/10 When used in the \OT1/cmtt/m/n/10 manuscript \OT1/cmr/m/n/10 
style, the
 []


Underfull \hbox (badness 1158) in paragraph at lines 570--579
\OT1/cmr/m/n/10 fa-cil-i-ties. Us-ing a com-mon set of key-words
 []


Overfull \hbox (4.6627pt too wide) in paragraph at lines 570--579
\OT1/cmr/m/n/10 http://www.journals.uchicago.edu/AAS/AASTeX. 
 []


Overfull \hbox (1.21591pt too wide) in paragraph at lines 589--595
[]\OT1/cmtt/m/n/10 \facility{MMT(Blue channel spectrograph)}\OT1/cmr/m/n/10 .
 []

[4]

LaTeX Warning: Reference `styles' on page 5 undefined on input line 702.


Package natbib Warning: Citation `Abt90' on page 5 undefined on input line 716.


[5]
Overfull \hbox (0.77321pt too wide) in paragraph at lines 744--744
[]   \OT1/cmtt/m/n/9 \bibitem[[]]{[]} [][] 
 []


Overfull \hbox (4.85574pt too wide) in paragraph at lines 750--756
\OT1/cmr/m/n/10 braces at the end of the []\OT1/cmtt/m/n/10 \begin{thebibliogra
phy}
 []


Package natbib Warning: Citation `Daly98' on page 6 undefined on input line 759
.


Underfull \hbox (badness 1365) in paragraph at lines 759--764
\OT1/cmr/m/n/10 implements L[]T[]X's []\OT1/cmtt/m/n/10 \cite \OT1/cmr/m/n/10 c
om-mand, of-fer-ing
 []


LaTeX Warning: Reference `refenv' on page 6 undefined on input line 830.


Underfull \hbox (badness 1092) in paragraph at lines 828--833
[]\OT1/cmr/m/n/10 It is not pos-si-ble to use []\OT1/cmtt/m/n/10 \bibitem \OT1/
cmr/m/n/10 within
 []


LaTeX Warning: Reference `journame' on page 6 undefined on input line 869.


Overfull \hbox (22.61568pt too wide) in paragraph at lines 874--931
 [] 
 []

[6]

Package natbib Warning: Citation `PLRM' on page 7 undefined on input line 941.


Underfull \hbox (badness 1584) in paragraph at lines 938--946
\OT1/cmr/m/n/10 ap-pro-pri-ate DVI trans-la-tor, one that tar-gets
 []

[7]
Underfull \hbox (badness 1057) in paragraph at lines 980--988
\OT1/cmr/m/n/10 vo-ca-tions of the []\OT1/cmtt/m/n/10 graphicx []\includegraphi
cs
 []


Overfull \hbox (9.13435pt too wide) in paragraph at lines 996--997
[]\OT1/cmr/m/n/10 Authors are strongly en-cour-aged to use []\OT1/cmtt/m/n/10 \
plotone\OT1/cmr/m/n/10 ,
 []


Overfull \hbox (1.94704pt too wide) in paragraph at lines 1025--1025
 []\OT1/cmtt/m/n/9 \figcaption[[]]{[]\label{[]}}[] 
 []


Overfull \hbox (0.63414pt too wide) in paragraph at lines 1056--1062
[]\OT1/cmr/m/n/10 Authors are en-cour-aged to use the \OT1/cmtt/m/n/10 deluxeta
ble
 []

[8]
Overfull \hbox (3.13412pt too wide) in paragraph at lines 1085--1089
[]\OT1/cmr/m/n/10 There are sev-eral com-mands in the \OT1/cmtt/m/n/10 deluxeta
ble
 []


Underfull \hbox (badness 1394) in paragraph at lines 1116--1126
[]\OT1/cmr/m/n/10 The width of a delux-etable is de-fined by
 []


Underfull \hbox (badness 3612) in paragraph at lines 1127--1138
\OT1/cmr/m/n/10 num-ber-ing within the \OT1/cmtt/m/n/10 deluxetable \OT1/cmr/m/
n/10 en-vi-ron-
 []


LaTeX Warning: Reference `tabendnotes' on page 9 undefined on input line 1144.


Overfull \hbox (3.66202pt too wide) in paragraph at lines 1152--1162
[]\OT1/cmr/m/n/10 Column head-ings are spec-i-fied with []\OT1/cmtt/m/n/10 \tab
lehead\OT1/cmr/m/n/10 .
 []


Package natbib Warning: Citation `Lamport' on page 9 undefined on input line 11
80.


Package natbib Warning: Citation `Kopka99' on page 9 undefined on input line 11
80.

[9]
Overfull \hbox (64.80882pt too wide) in paragraph at lines 1219--1228
[][] 
 []


Underfull \hbox (badness 1838) in paragraph at lines 1268--1276
[]\OT1/cmr/m/n/10 Within the []\OT1/cmtt/m/n/10 deluxetable \OT1/cmr/m/n/10 bod
y, two kinds
 []


LaTeX Warning: Reference `tabendnotes' on page 10 undefined on input line 1285.



Underfull \hbox (badness 1735) in paragraph at lines 1283--1286
[]\OT1/cmr/m/n/10 Table foot-notes (more prop-erly, ta-ble \OT1/cmr/m/it/10 end

 []


Underfull \hbox (badness 1406) in paragraph at lines 1315--1316
[]\OT1/cmr/m/n/10 The ta-ble body should ap-pear within the
 []


Package natbib Warning: Citation `Lamport' on page 10 undefined on input line 1
324.

[10]
Overfull \hbox (0.92563pt too wide) in paragraph at lines 1353--1357
\OT1/cmtt/m/n/10 deluxetable \OT1/cmr/m/n/10 en-vi-ron-ment and the stan-dard L
[]T[]X
 []


Underfull \hbox (badness 1762) in paragraph at lines 1374--1379
[]\OT1/cmr/m/n/10 Sometimes au-thors tab-u-late ma-te-ri-als that
 []


Underfull \hbox (badness 4608) in paragraph at lines 1385--1390
\OT1/cmr/m/n/10 The []\OT1/cmtt/m/n/10 \tablenotetext\OT1/cmr/m/n/10 , []\OT1/c
mtt/m/n/10 \tablecomments\OT1/cmr/m/n/10 , and
 []

[11] [12]
Underfull \hbox (badness 1748) in paragraph at lines 1590--1593
\OT1/cmr/m/n/10 hy-per-text link tag, as-so-ci-at-ing [][] in the
 []


Overfull \hbox (2.01393pt too wide) in paragraph at lines 1642--1646
[]\OT1/cmr/m/n/10 Two preprint styles are avail-able. The \OT1/cmtt/m/n/10 prep
rint
 []

[13]
Underfull \hbox (badness 3536) in paragraph at lines 1691--1695
\OT1/cmr/m/n/10 or []\OT1/cmtt/m/n/10 \onecolumn \OT1/cmr/m/n/10 com-mands when
-ever de-sired.
 []


Package natbib Warning: Citation `Kopka99' on page 14 undefined on input line 1
763.


Package natbib Warning: Citation `Lamport' on page 14 undefined on input line 1
763.


Package natbib Warning: Citation `Knuth' on page 14 undefined on input line 176
6.


Package natbib Warning: Citation `Swanson' on page 14 undefined on input line 1
769.

[14]
Underfull \hbox (badness 1057) in paragraph at lines 1788--1791
\OT1/cmr/m/n/10 Ref-er-ence Man-ual (Read-ing, MA: Addison-
 []


Package natbib Warning: There were undefined citations.

[15

] (./aasguide.aux

Package natbib Warning: Citation(s) may have changed.
(natbib)                Rerun to get citations correct.

)

LaTeX Warning: There were undefined references.


LaTeX Warning: Label(s) may have changed. Rerun to get cross-references right.

 ) 
Here is how much of TeX's memory you used:
 2169 strings out of 94412
 25347 string characters out of 1172318
 2071443 words of memory out of 4523007
 5368 multiletter control sequences out of 10000+50000
 16624 words of font info for 70 fonts, out of 2000000 for 2000
 583 hyphenation exceptions out of 5000
 32i,11n,26p,390b,338s stack positions out of 5000i,500n,6000p,200000b,40000s
PDF statistics:
 102 PDF objects out of 300000
 0 named destinations out of 131072
 1 words of extra memory for PDF output out of 10000
</usr/local/teTeX/share/texmf.tetex/fonts/type1/bluesky/cm/cmr6.pfb></usr/loc
al/teTeX/share/texmf.tetex/fonts/type1/bluesky/cm/cmmi10.pfb></usr/local/teTeX/
share/texmf.tetex/fonts/type1/bluesky/cm/cmr9.pfb></usr/local/teTeX/share/texmf
.tetex/fonts/type1/bluesky/cm/cmitt10.pfb></usr/local/teTeX/share/texmf.tetex/f
onts/type1/bluesky/cm/cmmi7.pfb></usr/local/teTeX/share/texmf.tetex/fonts/type1
/bluesky/cm/cmr8.pfb></usr/local/teTeX/share/texmf.tetex/fonts/type1/bluesky/cm
/cmtt8.pfb></usr/local/teTeX/share/texmf.tetex/fonts/type1/bluesky/cm/cmti9.pfb
></usr/local/teTeX/share/texmf.tetex/fonts/type1/bluesky/cm/cmsy9.pfb></usr/loc
al/teTeX/share/texmf.tetex/fonts/type1/bluesky/cm/cmsy10.pfb></usr/local/teTeX/
share/texmf.tetex/fonts/type1/bluesky/cm/cmtt9.pfb></usr/local/teTeX/share/texm
f.tetex/fonts/type1/bluesky/cm/cmtt10.pfb></usr/local/teTeX/share/texmf.tetex/f
onts/type1/bluesky/cm/cmti10.pfb></usr/local/teTeX/share/texmf.tetex/fonts/type
1/bluesky/cm/cmr7.pfb></usr/local/teTeX/share/texmf.tetex/fonts/type1/bluesky/c
m/cmr10.pfb></usr/local/teTeX/share/texmf.tetex/fonts/type1/bluesky/cm/cmmib10.
pfb></usr/local/teTeX/share/texmf.tetex/fonts/type1/bluesky/cm/cmbx10.pfb></usr
/local/teTeX/share/texmf.tetex/fonts/type1/bluesky/cm/cmbx12.pfb>
Output written on aasguide.pdf (15 pages, 192471 bytes).
