This is pdfeTeX, Version 3.141592-1.30.4-2.2 (Web2C 7.5.5) (format=latex 2006.10.15)  2 JUL 2007 23:29
entering extended mode
**m51_v9.tex
(./m51_v9.tex
LaTeX2e <2005/12/01>
Babel <v3.8d> and hyphenation patterns for american, french, german, ngerman, b
ahasa, basque, bulgarian, catalan, croatian, czech, danish, dutch, esperanto, e
stonian, finnish, greek, icelandic, irish, italian, latin, magyar, norsk, polis
h, portuges, romanian, russian, serbian, slovak, slovene, spanish, swedish, tur
kish, ukrainian, nohyphenation, loaded.
(./aastex.cls
Document Class: aastex 2005/06/22 5.2/AAS markup document class
Class aastex Info: Original \LaTeX2.09 style by Chris Biemesderfer (chris@seago
at.com). Adapted to \LaTeXe by A. Ogawa (ogawa@teleport.com) on input line 83.
(/usr/local/teTeX/share/texmf.local/tex/latex/base/article.cls
Document Class: article 2005/09/16 v1.4f Standard LaTeX document class
(/usr/local/teTeX/share/texmf.local/tex/latex/base/size12.clo
File: size12.clo 2005/09/16 v1.4f Standard LaTeX file (size option)
)
\c@part=\count79
\c@section=\count80
\c@subsection=\count81
\c@subsubsection=\count82
\c@paragraph=\count83
\c@subparagraph=\count84
\c@figure=\count85
\c@table=\count86
\abovecaptionskip=\skip41
\belowcaptionskip=\skip42
\bibindent=\dimen102
)
(/usr/local/teTeX/share/texmf.local/tex/latex/base/latexsym.sty
Package: latexsym 1998/08/17 v2.2e Standard LaTeX package (lasy symbols)
\symlasy=\mathgroup4
LaTeX Font Info:    Overwriting symbol font `lasy' in version `bold'
(Font)                  U/lasy/m/n --> U/lasy/b/n on input line 47.
)
(/usr/local/teTeX/share/texmf.local/tex/latex/graphics/graphicx.sty
Package: graphicx 1999/02/16 v1.0f Enhanced LaTeX Graphics (DPC,SPQR)

(/usr/local/teTeX/share/texmf.local/tex/latex/graphics/keyval.sty
Package: keyval 1999/03/16 v1.13 key=value parser (DPC)
\KV@toks@=\toks14
)
(/usr/local/teTeX/share/texmf.local/tex/latex/graphics/graphics.sty
Package: graphics 2006/02/20 v1.0o Standard LaTeX Graphics (DPC,SPQR)

(/usr/local/teTeX/share/texmf.local/tex/latex/graphics/trig.sty
Package: trig 1999/03/16 v1.09 sin cos tan (DPC)
)
(/usr/local/teTeX/share/texmf.tetex/tex/latex/graphics/graphics.cfg
File: graphics.cfg 2005/02/03 v1.3 graphics configuration of teTeX/TeXLive
)
Package graphics Info: Driver file: dvips.def on input line 90.

(/usr/local/teTeX/share/texmf.local/tex/latex/graphics/dvips.def
File: dvips.def 1999/02/16 v3.0i Driver-dependant file (DPC,SPQR)
))
\Gin@req@height=\dimen103
\Gin@req@width=\dimen104
)
(/usr/local/teTeX/share/texmf.tetex/tex/latex/amsfonts/amssymb.sty
Package: amssymb 2002/01/22 v2.2d

(/usr/local/teTeX/share/texmf.tetex/tex/latex/amsfonts/amsfonts.sty
Package: amsfonts 2001/10/25 v2.2f
\@emptytoks=\toks15
\symAMSa=\mathgroup5
\symAMSb=\mathgroup6
LaTeX Font Info:    Overwriting math alphabet `\mathfrak' in version `bold'
(Font)                  U/euf/m/n --> U/euf/b/n on input line 132.
))
(/usr/local/teTeX/share/texmf.tetex/tex/latex/natbib/natbib.sty
Package: natbib 2003/06/06 7.1 (PWD)
\bibhang=\skip43
\bibsep=\skip44
LaTeX Info: Redefining \cite on input line 518.
\c@NAT@ctr=\count87
)
(/usr/local/teTeX/share/texmf.local/tex/latex/tools/verbatim.sty
Package: verbatim 2003/08/22 v1.5q LaTeX2e package for verbatim enhancements
\every@verbatim=\toks16
\verbatim@line=\toks17
\verbatim@in@stream=\read1
)
\@slugcmmntwidth=\dimen105
\abstract@box=\box26
\c@editornote=\count88
\c@cureqno=\count89
\tnotemarkskip=\skip45
\@abovenoteskip=\dimen106
\pt@box=\box27
\pt@width=\dimen107
\pt@line=\count90
\pt@column=\count91
\pt@nlines=\count92
\pt@ncol=\count93
\pt@page=\count94
\tabbaseskip=\dimen108
\pt@tmpcapwidth=\dimen109
\spew@tblnotesbox=\box28
\restof@tblnotesbox=\box29
\noteheight=\dimen110
\pt@tabnoteminht=\dimen111
\firsttabskip=\dimen112
\captionbox=\box30
\pt@reduceline=\dimen113
\extra@vspace=\dimen114
\c@plate=\count95
\my@footins=\box31
)
(./m51_v9.aux

Package natbib Warning: Citation `you91' multiply defined.

)
\openout1 = `m51_v9.aux'.

LaTeX Font Info:    Checking defaults for OML/cmm/m/it on input line 7.
LaTeX Font Info:    ... okay on input line 7.
LaTeX Font Info:    Checking defaults for T1/cmr/m/n on input line 7.
LaTeX Font Info:    ... okay on input line 7.
LaTeX Font Info:    Checking defaults for OT1/cmr/m/n on input line 7.
LaTeX Font Info:    ... okay on input line 7.
LaTeX Font Info:    Checking defaults for OMS/cmsy/m/n on input line 7.
LaTeX Font Info:    ... okay on input line 7.
LaTeX Font Info:    Checking defaults for OMX/cmex/m/n on input line 7.
LaTeX Font Info:    ... okay on input line 7.
LaTeX Font Info:    Checking defaults for U/cmr/m/n on input line 7.
LaTeX Font Info:    ... okay on input line 7.

AAS manuscript substyle, v5.2 <12 Dec 2003>.
LaTeX Font Info:    Try loading font information for U+lasy on input line 52.
(/usr/local/teTeX/share/texmf.local/tex/latex/base/ulasy.fd
File: ulasy.fd 1998/08/17 v2.2e LaTeX symbol font definitions
)
LaTeX Font Info:    Try loading font information for U+msa on input line 52.

(/usr/local/teTeX/share/texmf.tetex/tex/latex/amsfonts/umsa.fd
File: umsa.fd 2002/01/19 v2.2g AMS font definitions
)
LaTeX Font Info:    Try loading font information for U+msb on input line 52.

(/usr/local/teTeX/share/texmf.tetex/tex/latex/amsfonts/umsb.fd
File: umsb.fd 2002/01/19 v2.2g AMS font definitions
) [1

] [2]
[3

] [4

] [5] [6] [7] [8] [9] [10] [11] [12] [13] [14] [15]
Underfull \hbox (badness 10000) in paragraph at lines 572--639
 
 []


Underfull \hbox (badness 10000) in paragraph at lines 572--639
 
 []


Underfull \hbox (badness 10000) in paragraph at lines 572--639
 
 []


Underfull \hbox (badness 10000) in paragraph at lines 572--639
 
 []


Underfull \hbox (badness 10000) in paragraph at lines 572--639
 
 []


Underfull \hbox (badness 10000) in paragraph at lines 572--639
 
 []


Underfull \hbox (badness 10000) in paragraph at lines 572--639
 
 []


Underfull \hbox (badness 10000) in paragraph at lines 572--639
 
 []

[16] [17]
Underfull \hbox (badness 10000) in paragraph at lines 642--654
 
 []

[18] [19

] [20] [21]
Plottwo included the files f1_bar.eps f2_bar.eps
File: f1_bar.eps Graphic file (type eps)
<f1_bar.eps>
File: f2_bar.eps Graphic file (type eps)
 <f2_bar.eps>
Plottwo included the files f3_bar.eps f4_bar.eps
File: f3_bar.eps Graphic file (type eps)
<f3_bar.eps>
File: f4_bar.eps Graphic file (type eps)
 <f4_bar.eps>
Plottwo included the files f5_bar.eps f6_bar.eps
File: f5_bar.eps Graphic file (type eps)
<f5_bar.eps>
File: f6_bar.eps Graphic file (type eps)
 <f6_bar.eps> [22] [23]
Plottwo included the files f7.eps f8.eps
File: f7.eps Graphic file (type eps)
<f7.eps>
File: f8.eps Graphic file (type eps)
 <f8.eps>
Plotone included the file f9.eps
File: f9.eps Graphic file (type eps)
<f9.eps> [24]
Plottwo included the files f10.eps f11.eps
File: f10.eps Graphic file (type eps)
<f10.eps>
File: f11.eps Graphic file (type eps)
 <f11.eps> [25]
Plotone included the file f12.eps
File: f12.eps Graphic file (type eps)
<f12.eps> [26]
Plotone included the file f13.eps
File: f13.eps Graphic file (type eps)
<f13.eps> [27]
Plotone included the file f14.eps
File: f14.eps Graphic file (type eps)
<f14.eps> [28]
Plottwo included the files f15.eps f16.eps
File: f15.eps Graphic file (type eps)
<f15.eps>
File: f16.eps Graphic file (type eps)
 <f16.eps> [29]
Plottwo included the files f17.eps f18.eps
File: f17.eps Graphic file (type eps)
<f17.eps>
File: f18.eps Graphic file (type eps)
 <f18.eps>
Plottwo included the files f19.eps f20.eps
File: f19.eps Graphic file (type eps)
<f19.eps>
File: f20.eps Graphic file (type eps)
 <f20.eps> [30]
Plottwo included the files f21.eps f22.eps
File: f21.eps Graphic file (type eps)
<f21.eps>
File: f22.eps Graphic file (type eps)
 <f22.eps> [31]
Plottwo included the files f23.eps f24.eps
File: f23.eps Graphic file (type eps)
<f23.eps>
File: f24.eps Graphic file (type eps)
 <f24.eps>
Plottwo included the files f25.eps f26.eps
File: f25.eps Graphic file (type eps)
<f25.eps>
File: f26.eps Graphic file (type eps)
 <f26.eps>

LaTeX Warning: Float too large for page by 2.75078pt on input line 871.

[32]
Plottwo included the files f27.eps f28.eps
File: f27.eps Graphic file (type eps)
<f27.eps>
File: f28.eps Graphic file (type eps)
 <f28.eps> [33]
Plottwo included the files f29.eps f30.eps
File: f29.eps Graphic file (type eps)
<f29.eps>
File: f30.eps Graphic file (type eps)
 <f30.eps> [34]
Plottwo included the files f31.eps f32.eps
File: f31.eps Graphic file (type eps)
<f31.eps>
File: f32.eps Graphic file (type eps)
 <f32.eps>
Plottwo included the files f33.eps f34.eps
File: f33.eps Graphic file (type eps)
<f33.eps>
File: f34.eps Graphic file (type eps)
 <f34.eps> [35














]
Table 0 has been set to width 441.75575pt

Package natbib Warning: There were multiply defined citations.

[36] (./m51_v9.aux

Package natbib Warning: Citation(s) may have changed.
(natbib)                Rerun to get citations correct.

) ) 
Here is how much of TeX's memory you used:
 1824 strings out of 94413
 20582 string characters out of 1172341
 2068191 words of memory out of 4519755
 5019 multiletter control sequences out of 10000+50000
 15410 words of font info for 65 fonts, out of 2000000 for 2000
 582 hyphenation exceptions out of 5000
 32i,10n,26p,2438b,288s stack positions out of 5000i,500n,6000p,200000b,40000s

Output written on m51_v9.dvi (36 pages, 66908 bytes).
